Building DAG of jobs...
Using shell: /bin/bash
Provided cores: 7
Rules claiming more threads will be scaled down.
Job counts:
	count	jobs
	1	all
	1	htseq_all
	1	htseq_custom3
	1	htseq_gc
	1	novosort
	1	removefiles
	1	star
	1	star_ribo
	1	tar
	1	transfer
	10

rule star_ribo:
    input: /share/ScratchGeneral/jamtor/projects/hgsoc_repeats/RNA-seq/raw_files/AOCS-166-2_1.fastq.gz, /share/ScratchGeneral/jamtor/projects/hgsoc_repeats/RNA-seq/raw_files/AOCS-166-2_2.fastq.gz
    output: results/star/ribo/AOCS-166-2/Log.final.out
    jobid: 9
    wildcards: sample=AOCS-166-2
    threads: 6

Terminating processes on user request.
Cancelling snakemake on user request.
